ERROR - 2025-01-26 07:03:25 --> Error connecting to the database: mysqli_sql_exception: Unknown database 'hbm' in C:\xampp\htdocs\hbm\system\Database\MySQLi\Connection.php:201
Stack trace:
#0 C:\xampp\htdocs\hbm\system\Database\MySQLi\Connection.php(201): mysqli->real_connect('localhost', 'root', Object(SensitiveParameterValue), 'hbm', 3306, '', 0)
#1 C:\xampp\htdocs\hbm\system\Database\BaseConnection.php(421): CodeIgniter\Database\MySQLi\Connection->connect(false)
#2 C:\xampp\htdocs\hbm\system\Database\Database.php(72): CodeIgniter\Database\BaseConnection->initialize()
#3 C:\xampp\htdocs\hbm\system\Database\Config.php(111): CodeIgniter\Database\Database->loadForge(Object(CodeIgniter\Database\MySQLi\Connection))
#4 C:\xampp\htdocs\hbm\app\Controllers\Setup.php(10): CodeIgniter\Database\Config::forge()
#5 C:\xampp\htdocs\hbm\system\CodeIgniter.php(933): App\Controllers\Setup->index()
#6 C:\xampp\htdocs\hbm\system\CodeIgniter.php(507): CodeIgniter\CodeIgniter->runController(Object(App\Controllers\Setup))
#7 C:\xampp\htdocs\hbm\system\CodeIgniter.php(354): CodeIgniter\CodeIgniter->handleRequest(NULL, Object(Config\Cache), false)
#8 C:\xampp\htdocs\hbm\system\Boot.php(334): CodeIgniter\CodeIgniter->run()
#9 C:\xampp\htdocs\hbm\system\Boot.php(67): CodeIgniter\Boot::runCodeIgniter(Object(CodeIgniter\CodeIgniter))
#10 C:\xampp\htdocs\hbm\index.php(56): CodeIgniter\Boot::bootWeb(Object(Config\Paths))
#11 {main}

Next CodeIgniter\Database\Exceptions\DatabaseException: Unknown database 'hbm' in C:\xampp\htdocs\hbm\system\Database\MySQLi\Connection.php:246
Stack trace:
#0 C:\xampp\htdocs\hbm\system\Database\BaseConnection.php(421): CodeIgniter\Database\MySQLi\Connection->connect(false)
#1 C:\xampp\htdocs\hbm\system\Database\Database.php(72): CodeIgniter\Database\BaseConnection->initialize()
#2 C:\xampp\htdocs\hbm\system\Database\Config.php(111): CodeIgniter\Database\Database->loadForge(Object(CodeIgniter\Database\MySQLi\Connection))
#3 C:\xampp\htdocs\hbm\app\Controllers\Setup.php(10): CodeIgniter\Database\Config::forge()
#4 C:\xampp\htdocs\hbm\system\CodeIgniter.php(933): App\Controllers\Setup->index()
#5 C:\xampp\htdocs\hbm\system\CodeIgniter.php(507): CodeIgniter\CodeIgniter->runController(Object(App\Controllers\Setup))
#6 C:\xampp\htdocs\hbm\system\CodeIgniter.php(354): CodeIgniter\CodeIgniter->handleRequest(NULL, Object(Config\Cache), false)
#7 C:\xampp\htdocs\hbm\system\Boot.php(334): CodeIgniter\CodeIgniter->run()
#8 C:\xampp\htdocs\hbm\system\Boot.php(67): CodeIgniter\Boot::runCodeIgniter(Object(CodeIgniter\CodeIgniter))
#9 C:\xampp\htdocs\hbm\index.php(56): CodeIgniter\Boot::bootWeb(Object(Config\Paths))
#10 {main}
CRITICAL - 2025-01-26 07:03:25 --> CodeIgniter\Database\Exceptions\DatabaseException: Unable to connect to the database.
Main connection [MySQLi]: Unknown database 'hbm'
[Method: GET, Route: setup]
in SYSTEMPATH\Database\BaseConnection.php on line 467.
 1 SYSTEMPATH\Database\Database.php(72): CodeIgniter\Database\BaseConnection->initialize()
 2 SYSTEMPATH\Database\Config.php(111): CodeIgniter\Database\Database->loadForge(Object(CodeIgniter\Database\MySQLi\Connection))
 3 APPPATH\Controllers\Setup.php(10): CodeIgniter\Database\Config::forge()
 4 SYSTEMPATH\CodeIgniter.php(933): App\Controllers\Setup->index()
 5 SYSTEMPATH\CodeIgniter.php(507): CodeIgniter\CodeIgniter->runController(Object(App\Controllers\Setup))
 6 SYSTEMPATH\CodeIgniter.php(354): CodeIgniter\CodeIgniter->handleRequest(null, Object(Config\Cache), false)
 7 SYSTEMPATH\Boot.php(334): CodeIgniter\CodeIgniter->run()
 8 SYSTEMPATH\Boot.php(67): CodeIgniter\Boot::runCodeIgniter(Object(CodeIgniter\CodeIgniter))
 9 FCPATH\index.php(56): CodeIgniter\Boot::bootWeb(Object(Config\Paths))
ERROR - 2025-01-26 07:08:03 --> Error connecting to the database: mysqli_sql_exception: Unknown database 'hbm' in C:\xampp\htdocs\hbm\system\Database\MySQLi\Connection.php:201
Stack trace:
#0 C:\xampp\htdocs\hbm\system\Database\MySQLi\Connection.php(201): mysqli->real_connect('localhost', 'root', Object(SensitiveParameterValue), 'hbm', 3306, '', 0)
#1 C:\xampp\htdocs\hbm\system\Database\BaseConnection.php(421): CodeIgniter\Database\MySQLi\Connection->connect(false)
#2 C:\xampp\htdocs\hbm\system\Database\Database.php(72): CodeIgniter\Database\BaseConnection->initialize()
#3 C:\xampp\htdocs\hbm\system\Database\Config.php(111): CodeIgniter\Database\Database->loadForge(Object(CodeIgniter\Database\MySQLi\Connection))
#4 C:\xampp\htdocs\hbm\app\Controllers\Setup.php(10): CodeIgniter\Database\Config::forge()
#5 C:\xampp\htdocs\hbm\system\CodeIgniter.php(933): App\Controllers\Setup->index()
#6 C:\xampp\htdocs\hbm\system\CodeIgniter.php(507): CodeIgniter\CodeIgniter->runController(Object(App\Controllers\Setup))
#7 C:\xampp\htdocs\hbm\system\CodeIgniter.php(354): CodeIgniter\CodeIgniter->handleRequest(NULL, Object(Config\Cache), false)
#8 C:\xampp\htdocs\hbm\system\Boot.php(334): CodeIgniter\CodeIgniter->run()
#9 C:\xampp\htdocs\hbm\system\Boot.php(67): CodeIgniter\Boot::runCodeIgniter(Object(CodeIgniter\CodeIgniter))
#10 C:\xampp\htdocs\hbm\index.php(56): CodeIgniter\Boot::bootWeb(Object(Config\Paths))
#11 {main}

Next CodeIgniter\Database\Exceptions\DatabaseException: Unknown database 'hbm' in C:\xampp\htdocs\hbm\system\Database\MySQLi\Connection.php:246
Stack trace:
#0 C:\xampp\htdocs\hbm\system\Database\BaseConnection.php(421): CodeIgniter\Database\MySQLi\Connection->connect(false)
#1 C:\xampp\htdocs\hbm\system\Database\Database.php(72): CodeIgniter\Database\BaseConnection->initialize()
#2 C:\xampp\htdocs\hbm\system\Database\Config.php(111): CodeIgniter\Database\Database->loadForge(Object(CodeIgniter\Database\MySQLi\Connection))
#3 C:\xampp\htdocs\hbm\app\Controllers\Setup.php(10): CodeIgniter\Database\Config::forge()
#4 C:\xampp\htdocs\hbm\system\CodeIgniter.php(933): App\Controllers\Setup->index()
#5 C:\xampp\htdocs\hbm\system\CodeIgniter.php(507): CodeIgniter\CodeIgniter->runController(Object(App\Controllers\Setup))
#6 C:\xampp\htdocs\hbm\system\CodeIgniter.php(354): CodeIgniter\CodeIgniter->handleRequest(NULL, Object(Config\Cache), false)
#7 C:\xampp\htdocs\hbm\system\Boot.php(334): CodeIgniter\CodeIgniter->run()
#8 C:\xampp\htdocs\hbm\system\Boot.php(67): CodeIgniter\Boot::runCodeIgniter(Object(CodeIgniter\CodeIgniter))
#9 C:\xampp\htdocs\hbm\index.php(56): CodeIgniter\Boot::bootWeb(Object(Config\Paths))
#10 {main}
CRITICAL - 2025-01-26 07:08:03 --> CodeIgniter\Database\Exceptions\DatabaseException: Unable to connect to the database.
Main connection [MySQLi]: Unknown database 'hbm'
[Method: GET, Route: setup]
in SYSTEMPATH\Database\BaseConnection.php on line 467.
 1 SYSTEMPATH\Database\Database.php(72): CodeIgniter\Database\BaseConnection->initialize()
 2 SYSTEMPATH\Database\Config.php(111): CodeIgniter\Database\Database->loadForge(Object(CodeIgniter\Database\MySQLi\Connection))
 3 APPPATH\Controllers\Setup.php(10): CodeIgniter\Database\Config::forge()
 4 SYSTEMPATH\CodeIgniter.php(933): App\Controllers\Setup->index()
 5 SYSTEMPATH\CodeIgniter.php(507): CodeIgniter\CodeIgniter->runController(Object(App\Controllers\Setup))
 6 SYSTEMPATH\CodeIgniter.php(354): CodeIgniter\CodeIgniter->handleRequest(null, Object(Config\Cache), false)
 7 SYSTEMPATH\Boot.php(334): CodeIgniter\CodeIgniter->run()
 8 SYSTEMPATH\Boot.php(67): CodeIgniter\Boot::runCodeIgniter(Object(CodeIgniter\CodeIgniter))
 9 FCPATH\index.php(56): CodeIgniter\Boot::bootWeb(Object(Config\Paths))
ERROR - 2025-01-26 07:10:47 --> Error connecting to the database: mysqli_sql_exception: Unknown database 'hbm' in C:\xampp\htdocs\hbm\system\Database\MySQLi\Connection.php:201
Stack trace:
#0 C:\xampp\htdocs\hbm\system\Database\MySQLi\Connection.php(201): mysqli->real_connect('localhost', 'root', Object(SensitiveParameterValue), 'hbm', 3306, '', 0)
#1 C:\xampp\htdocs\hbm\system\Database\BaseConnection.php(421): CodeIgniter\Database\MySQLi\Connection->connect(false)
#2 C:\xampp\htdocs\hbm\system\Database\Database.php(72): CodeIgniter\Database\BaseConnection->initialize()
#3 C:\xampp\htdocs\hbm\system\Database\Config.php(111): CodeIgniter\Database\Database->loadForge(Object(CodeIgniter\Database\MySQLi\Connection))
#4 C:\xampp\htdocs\hbm\app\Controllers\Setup.php(10): CodeIgniter\Database\Config::forge()
#5 C:\xampp\htdocs\hbm\system\CodeIgniter.php(933): App\Controllers\Setup->index()
#6 C:\xampp\htdocs\hbm\system\CodeIgniter.php(507): CodeIgniter\CodeIgniter->runController(Object(App\Controllers\Setup))
#7 C:\xampp\htdocs\hbm\system\CodeIgniter.php(354): CodeIgniter\CodeIgniter->handleRequest(NULL, Object(Config\Cache), false)
#8 C:\xampp\htdocs\hbm\system\Boot.php(334): CodeIgniter\CodeIgniter->run()
#9 C:\xampp\htdocs\hbm\system\Boot.php(67): CodeIgniter\Boot::runCodeIgniter(Object(CodeIgniter\CodeIgniter))
#10 C:\xampp\htdocs\hbm\index.php(56): CodeIgniter\Boot::bootWeb(Object(Config\Paths))
#11 {main}

Next CodeIgniter\Database\Exceptions\DatabaseException: Unknown database 'hbm' in C:\xampp\htdocs\hbm\system\Database\MySQLi\Connection.php:246
Stack trace:
#0 C:\xampp\htdocs\hbm\system\Database\BaseConnection.php(421): CodeIgniter\Database\MySQLi\Connection->connect(false)
#1 C:\xampp\htdocs\hbm\system\Database\Database.php(72): CodeIgniter\Database\BaseConnection->initialize()
#2 C:\xampp\htdocs\hbm\system\Database\Config.php(111): CodeIgniter\Database\Database->loadForge(Object(CodeIgniter\Database\MySQLi\Connection))
#3 C:\xampp\htdocs\hbm\app\Controllers\Setup.php(10): CodeIgniter\Database\Config::forge()
#4 C:\xampp\htdocs\hbm\system\CodeIgniter.php(933): App\Controllers\Setup->index()
#5 C:\xampp\htdocs\hbm\system\CodeIgniter.php(507): CodeIgniter\CodeIgniter->runController(Object(App\Controllers\Setup))
#6 C:\xampp\htdocs\hbm\system\CodeIgniter.php(354): CodeIgniter\CodeIgniter->handleRequest(NULL, Object(Config\Cache), false)
#7 C:\xampp\htdocs\hbm\system\Boot.php(334): CodeIgniter\CodeIgniter->run()
#8 C:\xampp\htdocs\hbm\system\Boot.php(67): CodeIgniter\Boot::runCodeIgniter(Object(CodeIgniter\CodeIgniter))
#9 C:\xampp\htdocs\hbm\index.php(56): CodeIgniter\Boot::bootWeb(Object(Config\Paths))
#10 {main}
CRITICAL - 2025-01-26 07:10:47 --> CodeIgniter\Database\Exceptions\DatabaseException: Unable to connect to the database.
Main connection [MySQLi]: Unknown database 'hbm'
[Method: GET, Route: setup]
in SYSTEMPATH\Database\BaseConnection.php on line 467.
 1 SYSTEMPATH\Database\Database.php(72): CodeIgniter\Database\BaseConnection->initialize()
 2 SYSTEMPATH\Database\Config.php(111): CodeIgniter\Database\Database->loadForge(Object(CodeIgniter\Database\MySQLi\Connection))
 3 APPPATH\Controllers\Setup.php(10): CodeIgniter\Database\Config::forge()
 4 SYSTEMPATH\CodeIgniter.php(933): App\Controllers\Setup->index()
 5 SYSTEMPATH\CodeIgniter.php(507): CodeIgniter\CodeIgniter->runController(Object(App\Controllers\Setup))
 6 SYSTEMPATH\CodeIgniter.php(354): CodeIgniter\CodeIgniter->handleRequest(null, Object(Config\Cache), false)
 7 SYSTEMPATH\Boot.php(334): CodeIgniter\CodeIgniter->run()
 8 SYSTEMPATH\Boot.php(67): CodeIgniter\Boot::runCodeIgniter(Object(CodeIgniter\CodeIgniter))
 9 FCPATH\index.php(56): CodeIgniter\Boot::bootWeb(Object(Config\Paths))
ERROR - 2025-01-26 07:12:00 --> Error connecting to the database: mysqli_sql_exception: Unknown database 'hbm' in C:\xampp\htdocs\hbm\system\Database\MySQLi\Connection.php:201
Stack trace:
#0 C:\xampp\htdocs\hbm\system\Database\MySQLi\Connection.php(201): mysqli->real_connect('localhost', 'root', Object(SensitiveParameterValue), 'hbm', 3306, '', 0)
#1 C:\xampp\htdocs\hbm\system\Database\BaseConnection.php(421): CodeIgniter\Database\MySQLi\Connection->connect(false)
#2 C:\xampp\htdocs\hbm\system\Database\BaseConnection.php(620): CodeIgniter\Database\BaseConnection->initialize()
#3 C:\xampp\htdocs\hbm\app\Controllers\Setup.php(13): CodeIgniter\Database\BaseConnection->query('SHOW DATABASES ...')
#4 C:\xampp\htdocs\hbm\system\CodeIgniter.php(933): App\Controllers\Setup->index()
#5 C:\xampp\htdocs\hbm\system\CodeIgniter.php(507): CodeIgniter\CodeIgniter->runController(Object(App\Controllers\Setup))
#6 C:\xampp\htdocs\hbm\system\CodeIgniter.php(354): CodeIgniter\CodeIgniter->handleRequest(NULL, Object(Config\Cache), false)
#7 C:\xampp\htdocs\hbm\system\Boot.php(334): CodeIgniter\CodeIgniter->run()
#8 C:\xampp\htdocs\hbm\system\Boot.php(67): CodeIgniter\Boot::runCodeIgniter(Object(CodeIgniter\CodeIgniter))
#9 C:\xampp\htdocs\hbm\index.php(56): CodeIgniter\Boot::bootWeb(Object(Config\Paths))
#10 {main}

Next CodeIgniter\Database\Exceptions\DatabaseException: Unknown database 'hbm' in C:\xampp\htdocs\hbm\system\Database\MySQLi\Connection.php:246
Stack trace:
#0 C:\xampp\htdocs\hbm\system\Database\BaseConnection.php(421): CodeIgniter\Database\MySQLi\Connection->connect(false)
#1 C:\xampp\htdocs\hbm\system\Database\BaseConnection.php(620): CodeIgniter\Database\BaseConnection->initialize()
#2 C:\xampp\htdocs\hbm\app\Controllers\Setup.php(13): CodeIgniter\Database\BaseConnection->query('SHOW DATABASES ...')
#3 C:\xampp\htdocs\hbm\system\CodeIgniter.php(933): App\Controllers\Setup->index()
#4 C:\xampp\htdocs\hbm\system\CodeIgniter.php(507): CodeIgniter\CodeIgniter->runController(Object(App\Controllers\Setup))
#5 C:\xampp\htdocs\hbm\system\CodeIgniter.php(354): CodeIgniter\CodeIgniter->handleRequest(NULL, Object(Config\Cache), false)
#6 C:\xampp\htdocs\hbm\system\Boot.php(334): CodeIgniter\CodeIgniter->run()
#7 C:\xampp\htdocs\hbm\system\Boot.php(67): CodeIgniter\Boot::runCodeIgniter(Object(CodeIgniter\CodeIgniter))
#8 C:\xampp\htdocs\hbm\index.php(56): CodeIgniter\Boot::bootWeb(Object(Config\Paths))
#9 {main}
CRITICAL - 2025-01-26 07:12:00 --> CodeIgniter\Database\Exceptions\DatabaseException: Unable to connect to the database.
Main connection [MySQLi]: Unknown database 'hbm'
[Method: GET, Route: setup]
in SYSTEMPATH\Database\BaseConnection.php on line 467.
 1 SYSTEMPATH\Database\BaseConnection.php(620): CodeIgniter\Database\BaseConnection->initialize()
 2 APPPATH\Controllers\Setup.php(13): CodeIgniter\Database\BaseConnection->query('SHOW DATABASES LIKE \'hbm\'')
 3 SYSTEMPATH\CodeIgniter.php(933): App\Controllers\Setup->index()
 4 SYSTEMPATH\CodeIgniter.php(507): CodeIgniter\CodeIgniter->runController(Object(App\Controllers\Setup))
 5 SYSTEMPATH\CodeIgniter.php(354): CodeIgniter\CodeIgniter->handleRequest(null, Object(Config\Cache), false)
 6 SYSTEMPATH\Boot.php(334): CodeIgniter\CodeIgniter->run()
 7 SYSTEMPATH\Boot.php(67): CodeIgniter\Boot::runCodeIgniter(Object(CodeIgniter\CodeIgniter))
 8 FCPATH\index.php(56): CodeIgniter\Boot::bootWeb(Object(Config\Paths))
ERROR - 2025-01-26 07:12:30 --> Error connecting to the database: mysqli_sql_exception: Unknown database 'hbm' in C:\xampp\htdocs\hbm\system\Database\MySQLi\Connection.php:201
Stack trace:
#0 C:\xampp\htdocs\hbm\system\Database\MySQLi\Connection.php(201): mysqli->real_connect('localhost', 'root', Object(SensitiveParameterValue), 'hbm', 3306, '', 0)
#1 C:\xampp\htdocs\hbm\system\Database\BaseConnection.php(421): CodeIgniter\Database\MySQLi\Connection->connect(false)
#2 C:\xampp\htdocs\hbm\system\Database\Database.php(72): CodeIgniter\Database\BaseConnection->initialize()
#3 C:\xampp\htdocs\hbm\system\Database\Config.php(111): CodeIgniter\Database\Database->loadForge(Object(CodeIgniter\Database\MySQLi\Connection))
#4 C:\xampp\htdocs\hbm\app\Controllers\Setup.php(10): CodeIgniter\Database\Config::forge()
#5 C:\xampp\htdocs\hbm\system\CodeIgniter.php(933): App\Controllers\Setup->index()
#6 C:\xampp\htdocs\hbm\system\CodeIgniter.php(507): CodeIgniter\CodeIgniter->runController(Object(App\Controllers\Setup))
#7 C:\xampp\htdocs\hbm\system\CodeIgniter.php(354): CodeIgniter\CodeIgniter->handleRequest(NULL, Object(Config\Cache), false)
#8 C:\xampp\htdocs\hbm\system\Boot.php(334): CodeIgniter\CodeIgniter->run()
#9 C:\xampp\htdocs\hbm\system\Boot.php(67): CodeIgniter\Boot::runCodeIgniter(Object(CodeIgniter\CodeIgniter))
#10 C:\xampp\htdocs\hbm\index.php(56): CodeIgniter\Boot::bootWeb(Object(Config\Paths))
#11 {main}

Next CodeIgniter\Database\Exceptions\DatabaseException: Unknown database 'hbm' in C:\xampp\htdocs\hbm\system\Database\MySQLi\Connection.php:246
Stack trace:
#0 C:\xampp\htdocs\hbm\system\Database\BaseConnection.php(421): CodeIgniter\Database\MySQLi\Connection->connect(false)
#1 C:\xampp\htdocs\hbm\system\Database\Database.php(72): CodeIgniter\Database\BaseConnection->initialize()
#2 C:\xampp\htdocs\hbm\system\Database\Config.php(111): CodeIgniter\Database\Database->loadForge(Object(CodeIgniter\Database\MySQLi\Connection))
#3 C:\xampp\htdocs\hbm\app\Controllers\Setup.php(10): CodeIgniter\Database\Config::forge()
#4 C:\xampp\htdocs\hbm\system\CodeIgniter.php(933): App\Controllers\Setup->index()
#5 C:\xampp\htdocs\hbm\system\CodeIgniter.php(507): CodeIgniter\CodeIgniter->runController(Object(App\Controllers\Setup))
#6 C:\xampp\htdocs\hbm\system\CodeIgniter.php(354): CodeIgniter\CodeIgniter->handleRequest(NULL, Object(Config\Cache), false)
#7 C:\xampp\htdocs\hbm\system\Boot.php(334): CodeIgniter\CodeIgniter->run()
#8 C:\xampp\htdocs\hbm\system\Boot.php(67): CodeIgniter\Boot::runCodeIgniter(Object(CodeIgniter\CodeIgniter))
#9 C:\xampp\htdocs\hbm\index.php(56): CodeIgniter\Boot::bootWeb(Object(Config\Paths))
#10 {main}
CRITICAL - 2025-01-26 07:12:30 --> CodeIgniter\Database\Exceptions\DatabaseException: Unable to connect to the database.
Main connection [MySQLi]: Unknown database 'hbm'
[Method: GET, Route: setup]
in SYSTEMPATH\Database\BaseConnection.php on line 467.
 1 SYSTEMPATH\Database\Database.php(72): CodeIgniter\Database\BaseConnection->initialize()
 2 SYSTEMPATH\Database\Config.php(111): CodeIgniter\Database\Database->loadForge(Object(CodeIgniter\Database\MySQLi\Connection))
 3 APPPATH\Controllers\Setup.php(10): CodeIgniter\Database\Config::forge()
 4 SYSTEMPATH\CodeIgniter.php(933): App\Controllers\Setup->index()
 5 SYSTEMPATH\CodeIgniter.php(507): CodeIgniter\CodeIgniter->runController(Object(App\Controllers\Setup))
 6 SYSTEMPATH\CodeIgniter.php(354): CodeIgniter\CodeIgniter->handleRequest(null, Object(Config\Cache), false)
 7 SYSTEMPATH\Boot.php(334): CodeIgniter\CodeIgniter->run()
 8 SYSTEMPATH\Boot.php(67): CodeIgniter\Boot::runCodeIgniter(Object(CodeIgniter\CodeIgniter))
 9 FCPATH\index.php(56): CodeIgniter\Boot::bootWeb(Object(Config\Paths))
ERROR - 2025-01-26 07:13:11 --> Error connecting to the database: mysqli_sql_exception: Unknown database 'hbm' in C:\xampp\htdocs\hbm\system\Database\MySQLi\Connection.php:201
Stack trace:
#0 C:\xampp\htdocs\hbm\system\Database\MySQLi\Connection.php(201): mysqli->real_connect('localhost', 'root', Object(SensitiveParameterValue), 'hbm', 3306, '', 0)
#1 C:\xampp\htdocs\hbm\system\Database\BaseConnection.php(421): CodeIgniter\Database\MySQLi\Connection->connect(false)
#2 C:\xampp\htdocs\hbm\system\Database\Database.php(72): CodeIgniter\Database\BaseConnection->initialize()
#3 C:\xampp\htdocs\hbm\system\Database\Config.php(111): CodeIgniter\Database\Database->loadForge(Object(CodeIgniter\Database\MySQLi\Connection))
#4 C:\xampp\htdocs\hbm\app\Controllers\Setup.php(10): CodeIgniter\Database\Config::forge()
#5 C:\xampp\htdocs\hbm\system\CodeIgniter.php(933): App\Controllers\Setup->index()
#6 C:\xampp\htdocs\hbm\system\CodeIgniter.php(507): CodeIgniter\CodeIgniter->runController(Object(App\Controllers\Setup))
#7 C:\xampp\htdocs\hbm\system\CodeIgniter.php(354): CodeIgniter\CodeIgniter->handleRequest(NULL, Object(Config\Cache), false)
#8 C:\xampp\htdocs\hbm\system\Boot.php(334): CodeIgniter\CodeIgniter->run()
#9 C:\xampp\htdocs\hbm\system\Boot.php(67): CodeIgniter\Boot::runCodeIgniter(Object(CodeIgniter\CodeIgniter))
#10 C:\xampp\htdocs\hbm\index.php(56): CodeIgniter\Boot::bootWeb(Object(Config\Paths))
#11 {main}

Next CodeIgniter\Database\Exceptions\DatabaseException: Unknown database 'hbm' in C:\xampp\htdocs\hbm\system\Database\MySQLi\Connection.php:246
Stack trace:
#0 C:\xampp\htdocs\hbm\system\Database\BaseConnection.php(421): CodeIgniter\Database\MySQLi\Connection->connect(false)
#1 C:\xampp\htdocs\hbm\system\Database\Database.php(72): CodeIgniter\Database\BaseConnection->initialize()
#2 C:\xampp\htdocs\hbm\system\Database\Config.php(111): CodeIgniter\Database\Database->loadForge(Object(CodeIgniter\Database\MySQLi\Connection))
#3 C:\xampp\htdocs\hbm\app\Controllers\Setup.php(10): CodeIgniter\Database\Config::forge()
#4 C:\xampp\htdocs\hbm\system\CodeIgniter.php(933): App\Controllers\Setup->index()
#5 C:\xampp\htdocs\hbm\system\CodeIgniter.php(507): CodeIgniter\CodeIgniter->runController(Object(App\Controllers\Setup))
#6 C:\xampp\htdocs\hbm\system\CodeIgniter.php(354): CodeIgniter\CodeIgniter->handleRequest(NULL, Object(Config\Cache), false)
#7 C:\xampp\htdocs\hbm\system\Boot.php(334): CodeIgniter\CodeIgniter->run()
#8 C:\xampp\htdocs\hbm\system\Boot.php(67): CodeIgniter\Boot::runCodeIgniter(Object(CodeIgniter\CodeIgniter))
#9 C:\xampp\htdocs\hbm\index.php(56): CodeIgniter\Boot::bootWeb(Object(Config\Paths))
#10 {main}
CRITICAL - 2025-01-26 07:13:11 --> CodeIgniter\Database\Exceptions\DatabaseException: Unable to connect to the database.
Main connection [MySQLi]: Unknown database 'hbm'
[Method: GET, Route: setup]
in SYSTEMPATH\Database\BaseConnection.php on line 467.
 1 SYSTEMPATH\Database\Database.php(72): CodeIgniter\Database\BaseConnection->initialize()
 2 SYSTEMPATH\Database\Config.php(111): CodeIgniter\Database\Database->loadForge(Object(CodeIgniter\Database\MySQLi\Connection))
 3 APPPATH\Controllers\Setup.php(10): CodeIgniter\Database\Config::forge()
 4 SYSTEMPATH\CodeIgniter.php(933): App\Controllers\Setup->index()
 5 SYSTEMPATH\CodeIgniter.php(507): CodeIgniter\CodeIgniter->runController(Object(App\Controllers\Setup))
 6 SYSTEMPATH\CodeIgniter.php(354): CodeIgniter\CodeIgniter->handleRequest(null, Object(Config\Cache), false)
 7 SYSTEMPATH\Boot.php(334): CodeIgniter\CodeIgniter->run()
 8 SYSTEMPATH\Boot.php(67): CodeIgniter\Boot::runCodeIgniter(Object(CodeIgniter\CodeIgniter))
 9 FCPATH\index.php(56): CodeIgniter\Boot::bootWeb(Object(Config\Paths))
CRITICAL - 2025-01-26 07:13:26 --> CodeIgniter\Database\Exceptions\DatabaseException: Field "owner_id" not found.
[Method: GET, Route: setup]
in SYSTEMPATH\Database\Forge.php on line 1213.
 1 SYSTEMPATH\Database\Forge.php(607): CodeIgniter\Database\Forge->_processForeignKeys('hotels')
 2 SYSTEMPATH\Database\Forge.php(568): CodeIgniter\Database\Forge->_createTable('hotels', false, [])
 3 APPPATH\Controllers\Setup.php(162): CodeIgniter\Database\Forge->createTable('hotels')
 4 SYSTEMPATH\CodeIgniter.php(933): App\Controllers\Setup->index()
 5 SYSTEMPATH\CodeIgniter.php(507): CodeIgniter\CodeIgniter->runController(Object(App\Controllers\Setup))
 6 SYSTEMPATH\CodeIgniter.php(354): CodeIgniter\CodeIgniter->handleRequest(null, Object(Config\Cache), false)
 7 SYSTEMPATH\Boot.php(334): CodeIgniter\CodeIgniter->run()
 8 SYSTEMPATH\Boot.php(67): CodeIgniter\Boot::runCodeIgniter(Object(CodeIgniter\CodeIgniter))
 9 FCPATH\index.php(56): CodeIgniter\Boot::bootWeb(Object(Config\Paths))
CRITICAL - 2025-01-26 12:57:59 --> CodeIgniter\View\Exceptions\ViewException: Invalid file: "views/template/setup.php"
[Method: GET, Route: setup]
in SYSTEMPATH\Exceptions\FrameworkException.php on line 39.
 1 SYSTEMPATH\View\View.php(212): CodeIgniter\Exceptions\FrameworkException::forInvalidFile('views/template/setup.php')
 2 SYSTEMPATH\Common.php(1173): CodeIgniter\View\View->render('views/template/setup', [], true)
 3 APPPATH\Controllers\Setup.php(9): view('views/template/setup')
 4 SYSTEMPATH\CodeIgniter.php(933): App\Controllers\Setup->index()
 5 SYSTEMPATH\CodeIgniter.php(507): CodeIgniter\CodeIgniter->runController(Object(App\Controllers\Setup))
 6 SYSTEMPATH\CodeIgniter.php(354): CodeIgniter\CodeIgniter->handleRequest(null, Object(Config\Cache), false)
 7 SYSTEMPATH\Boot.php(334): CodeIgniter\CodeIgniter->run()
 8 SYSTEMPATH\Boot.php(67): CodeIgniter\Boot::runCodeIgniter(Object(CodeIgniter\CodeIgniter))
 9 FCPATH\index.php(56): CodeIgniter\Boot::bootWeb(Object(Config\Paths))
